Analysis & Synthesis report for Rx
Tue Aug 10 15:31:11 2021
Quartus Prime Version 18.1.0 Build 625 09/12/2018 SJ Lite Edition


---------------------
; Table of Contents ;
---------------------
  1. Legal Notice
  2. Analysis & Synthesis Summary
  3. Analysis & Synthesis Settings
  4. Parallel Compilation
  5. Analysis & Synthesis Source Files Read
  6. Analysis & Synthesis Resource Usage Summary
  7. Analysis & Synthesis Resource Utilization by Entity
  8. State Machine - |ModuleRx|present
  9. General Register Statistics
 10. Port Connectivity Checks: "proclock:probhaiRx"
 11. Analysis & Synthesis Messages



----------------
; Legal Notice ;
----------------
Copyright (C) 2018  Intel Corporation. All rights reserved.
Your use of Intel Corporation's design tools, logic functions 
and other software and tools, and its AMPP partner logic 
functions, and any output files from any of the foregoing 
(including device programming or simulation files), and any 
associated documentation or information are expressly subject 
to the terms and conditions of the Intel Program License 
Subscription Agreement, the Intel Quartus Prime License Agreement,
the Intel FPGA IP License Agreement, or other applicable license
agreement, including, without limitation, that your use is for
the sole purpose of programming logic devices manufactured by
Intel and sold by Intel or its authorized distributors.  Please
refer to the applicable agreement for further details.



+---------------------------------------------------------------------------+
; Analysis & Synthesis Summary                                              ;
+-----------------------------+---------------------------------------------+
; Analysis & Synthesis Status ; Successful - Tue Aug 10 15:31:11 2021       ;
; Quartus Prime Version       ; 18.1.0 Build 625 09/12/2018 SJ Lite Edition ;
; Revision Name               ; Rx                                          ;
; Top-level Entity Name       ; ModuleRx                                    ;
; Family                      ; MAX V                                       ;
; Total logic elements        ; 58                                          ;
; Total pins                  ; 11                                          ;
; Total virtual pins          ; 0                                           ;
; UFM blocks                  ; 0 / 1 ( 0 % )                               ;
+-----------------------------+---------------------------------------------+


+------------------------------------------------------------------------------------------------------------+
; Analysis & Synthesis Settings                                                                              ;
+------------------------------------------------------------------+--------------------+--------------------+
; Option                                                           ; Setting            ; Default Value      ;
+------------------------------------------------------------------+--------------------+--------------------+
; Device                                                           ; 5M1270ZT144C5      ;                    ;
; Top-level entity name                                            ; ModuleRx           ; Rx                 ;
; Family name                                                      ; MAX V              ; Cyclone V          ;
; Use smart compilation                                            ; Off                ; Off                ;
; Enable parallel Assembler and Timing Analyzer during compilation ; On                 ; On                 ;
; Enable compact report table                                      ; Off                ; Off                ;
; Restructure Multiplexers                                         ; Auto               ; Auto               ;
; Create Debugging Nodes for IP Cores                              ; Off                ; Off                ;
; Preserve fewer node names                                        ; On                 ; On                 ;
; Intel FPGA IP Evaluation Mode                                    ; Enable             ; Enable             ;
; Verilog Version                                                  ; Verilog_2001       ; Verilog_2001       ;
; VHDL Version                                                     ; VHDL_1993          ; VHDL_1993          ;
; State Machine Processing                                         ; Auto               ; Auto               ;
; Safe State Machine                                               ; Off                ; Off                ;
; Extract Verilog State Machines                                   ; On                 ; On                 ;
; Extract VHDL State Machines                                      ; On                 ; On                 ;
; Ignore Verilog initial constructs                                ; Off                ; Off                ;
; Iteration limit for constant Verilog loops                       ; 5000               ; 5000               ;
; Iteration limit for non-constant Verilog loops                   ; 250                ; 250                ;
; Add Pass-Through Logic to Inferred RAMs                          ; On                 ; On                 ;
; Infer RAMs from Raw Logic                                        ; On                 ; On                 ;
; Parallel Synthesis                                               ; On                 ; On                 ;
; NOT Gate Push-Back                                               ; On                 ; On                 ;
; Power-Up Don't Care                                              ; On                 ; On                 ;
; Remove Redundant Logic Cells                                     ; Off                ; Off                ;
; Remove Duplicate Registers                                       ; On                 ; On                 ;
; Ignore CARRY Buffers                                             ; Off                ; Off                ;
; Ignore CASCADE Buffers                                           ; Off                ; Off                ;
; Ignore GLOBAL Buffers                                            ; Off                ; Off                ;
; Ignore ROW GLOBAL Buffers                                        ; Off                ; Off                ;
; Ignore LCELL Buffers                                             ; Off                ; Off                ;
; Ignore SOFT Buffers                                              ; On                 ; On                 ;
; Limit AHDL Integers to 32 Bits                                   ; Off                ; Off                ;
; Optimization Technique                                           ; Balanced           ; Balanced           ;
; Carry Chain Length                                               ; 70                 ; 70                 ;
; Auto Carry Chains                                                ; On                 ; On                 ;
; Auto Open-Drain Pins                                             ; On                 ; On                 ;
; Perform WYSIWYG Primitive Resynthesis                            ; Off                ; Off                ;
; Auto Shift Register Replacement                                  ; Auto               ; Auto               ;
; Allow Shift Register Merging across Hierarchies                  ; Auto               ; Auto               ;
; Auto Clock Enable Replacement                                    ; On                 ; On                 ;
; Allow Synchronous Control Signals                                ; On                 ; On                 ;
; Force Use of Synchronous Clear Signals                           ; Off                ; Off                ;
; Auto Resource Sharing                                            ; Off                ; Off                ;
; Use LogicLock Constraints during Resource Balancing              ; On                 ; On                 ;
; Ignore translate_off and synthesis_off directives                ; Off                ; Off                ;
; Report Parameter Settings                                        ; On                 ; On                 ;
; Report Source Assignments                                        ; On                 ; On                 ;
; Report Connectivity Checks                                       ; On                 ; On                 ;
; Ignore Maximum Fan-Out Assignments                               ; Off                ; Off                ;
; Synchronization Register Chain Length                            ; 2                  ; 2                  ;
; Power Optimization During Synthesis                              ; Normal compilation ; Normal compilation ;
; HDL message level                                                ; Level2             ; Level2             ;
; Suppress Register Optimization Related Messages                  ; Off                ; Off                ;
; Number of Removed Registers Reported in Synthesis Report         ; 5000               ; 5000               ;
; Number of Swept Nodes Reported in Synthesis Report               ; 5000               ; 5000               ;
; Number of Inverted Registers Reported in Synthesis Report        ; 100                ; 100                ;
; Clock MUX Protection                                             ; On                 ; On                 ;
; Block Design Naming                                              ; Auto               ; Auto               ;
; Synthesis Effort                                                 ; Auto               ; Auto               ;
; Shift Register Replacement - Allow Asynchronous Clear Signal     ; On                 ; On                 ;
; Analysis & Synthesis Message Level                               ; Medium             ; Medium             ;
; Disable Register Merging Across Hierarchies                      ; Auto               ; Auto               ;
+------------------------------------------------------------------+--------------------+--------------------+


+------------------------------------------+
; Parallel Compilation                     ;
+----------------------------+-------------+
; Processors                 ; Number      ;
+----------------------------+-------------+
; Number detected on machine ; 8           ;
; Maximum allowed            ; 4           ;
;                            ;             ;
; Average used               ; 1.00        ;
; Maximum used               ; 1           ;
;                            ;             ;
; Usage by Processor         ; % Time Used ;
;     Processor 1            ; 100.0%      ;
+----------------------------+-------------+


+-------------------------------------------------------------------------------------------------------------------------+
; Analysis & Synthesis Source Files Read                                                                                  ;
+----------------------------------+-----------------+-----------------+----------------------------------------+---------+
; File Name with User-Entered Path ; Used in Netlist ; File Type       ; File Name with Absolute Path           ; Library ;
+----------------------------------+-----------------+-----------------+----------------------------------------+---------+
; proclock.vhd                     ; yes             ; User VHDL File  ; D:/Semester2/UART/UART/RX/proclock.vhd ;         ;
; Rx.vhd                           ; yes             ; User VHDL File  ; D:/Semester2/UART/UART/RX/Rx.vhd       ;         ;
+----------------------------------+-----------------+-----------------+----------------------------------------+---------+


+-------------------------------------------------------------+
; Analysis & Synthesis Resource Usage Summary                 ;
+---------------------------------------------+---------------+
; Resource                                    ; Usage         ;
+---------------------------------------------+---------------+
; Total logic elements                        ; 58            ;
;     -- Combinational with no register       ; 23            ;
;     -- Register only                        ; 14            ;
;     -- Combinational with a register        ; 21            ;
;                                             ;               ;
; Logic element usage by number of LUT inputs ;               ;
;     -- 4 input functions                    ; 7             ;
;     -- 3 input functions                    ; 2             ;
;     -- 2 input functions                    ; 32            ;
;     -- 1 input functions                    ; 3             ;
;     -- 0 input functions                    ; 0             ;
;                                             ;               ;
; Logic elements by mode                      ;               ;
;     -- normal mode                          ; 43            ;
;     -- arithmetic mode                      ; 15            ;
;     -- qfbk mode                            ; 0             ;
;     -- register cascade mode                ; 0             ;
;     -- synchronous clear/load mode          ; 7             ;
;     -- asynchronous clear/load mode         ; 4             ;
;                                             ;               ;
; Total registers                             ; 35            ;
; Total logic cells in carry chains           ; 17            ;
; I/O pins                                    ; 11            ;
; Maximum fan-out node                        ; present.Reead ;
; Maximum fan-out                             ; 23            ;
; Total fan-out                               ; 179           ;
; Average fan-out                             ; 2.59          ;
+---------------------------------------------+---------------+


+---------------------------------------------------------------------------------------------------------------------------------------------------------------------------------------------------------------------------------------------------------------+
; Analysis & Synthesis Resource Utilization by Entity                                                                                                                                                                                                           ;
+----------------------------+-------------+--------------+------------+------+--------------+--------------+-------------------+------------------+-----------------+------------+------------------------------------------------+-------------+--------------+
; Compilation Hierarchy Node ; Logic Cells ; LC Registers ; UFM Blocks ; Pins ; Virtual Pins ; LUT-Only LCs ; Register-Only LCs ; LUT/Register LCs ; Carry Chain LCs ; Packed LCs ; Full Hierarchy Name                            ; Entity Name ; Library Name ;
+----------------------------+-------------+--------------+------------+------+--------------+--------------+-------------------+------------------+-----------------+------------+------------------------------------------------+-------------+--------------+
; |ModuleRx                  ; 58 (24)     ; 35           ; 0          ; 11   ; 0            ; 23 (8)       ; 14 (9)            ; 21 (7)           ; 17 (0)          ; 0 (0)      ; |ModuleRx                                      ; ModuleRx    ; work         ;
;    |proclock:probhaiRx|    ; 34 (10)     ; 19           ; 0          ; 0    ; 0            ; 15 (2)       ; 5 (0)             ; 14 (8)           ; 17 (7)          ; 0 (0)      ; |ModuleRx|proclock:probhaiRx                   ; proclock    ; work         ;
;       |fullspeed:fulsped|  ; 24 (24)     ; 11           ; 0          ; 0    ; 0            ; 13 (13)      ; 5 (5)             ; 6 (6)            ; 10 (10)         ; 0 (0)      ; |ModuleRx|proclock:probhaiRx|fullspeed:fulsped ; fullspeed   ; work         ;
+----------------------------+-------------+--------------+------------+------+--------------+--------------+-------------------+------------------+-----------------+------------+------------------------------------------------+-------------+--------------+
Note: For table entries with two numbers listed, the numbers in parentheses indicate the number of resources of the given type used by the specific entity alone. The numbers listed outside of parentheses indicate the total resources of the given type used by the specific entity and all of its sub-entities in the hierarchy.


Encoding Type:  One-Hot
+-----------------------------------------------------------------+
; State Machine - |ModuleRx|present                               ;
+----------------+----------------+---------------+---------------+
; Name           ; present.vallid ; present.Reead ; present.whait ;
+----------------+----------------+---------------+---------------+
; present.whait  ; 0              ; 0             ; 0             ;
; present.Reead  ; 0              ; 1             ; 1             ;
; present.vallid ; 1              ; 0             ; 1             ;
+----------------+----------------+---------------+---------------+


+------------------------------------------------------+
; General Register Statistics                          ;
+----------------------------------------------+-------+
; Statistic                                    ; Value ;
+----------------------------------------------+-------+
; Total registers                              ; 35    ;
; Number of registers using Synchronous Clear  ; 7     ;
; Number of registers using Synchronous Load   ; 0     ;
; Number of registers using Asynchronous Clear ; 4     ;
; Number of registers using Asynchronous Load  ; 0     ;
; Number of registers using Clock Enable       ; 9     ;
; Number of registers using Preset             ; 0     ;
+----------------------------------------------+-------+


+------------------------------------------------+
; Port Connectivity Checks: "proclock:probhaiRx" ;
+--------------+-------+----------+--------------+
; Port         ; Type  ; Severity ; Details      ;
+--------------+-------+----------+--------------+
; prescaler[2] ; Input ; Info     ; Stuck at GND ;
; prescaler[1] ; Input ; Info     ; Stuck at VCC ;
; prescaler[0] ; Input ; Info     ; Stuck at GND ;
+--------------+-------+----------+--------------+


+-------------------------------+
; Analysis & Synthesis Messages ;
+-------------------------------+
Info: *******************************************************************
Info: Running Quartus Prime Analysis & Synthesis
    Info: Version 18.1.0 Build 625 09/12/2018 SJ Lite Edition
    Info: Processing started: Tue Aug 10 15:31:00 2021
Info: Command: quartus_map --read_settings_files=on --write_settings_files=off Rx -c Rx
Warning (18236): Number of processors has not been specified which may cause overloading on shared machines.  Set the global assignment NUM_PARALLEL_PROCESSORS in your QSF to an appropriate value for best performance.
Info (20030): Parallel compilation is enabled and will use 4 of the 4 processors detected
Info (12021): Found 2 design units, including 1 entities, in source file txv2.vhd
    Info (12022): Found design unit 1: ModuleTx-Version2_transmit File: D:/Semester2/UART/UART/RX/TxV2.vhd Line: 15
    Info (12023): Found entity 1: ModuleTx File: D:/Semester2/UART/UART/RX/TxV2.vhd Line: 5
Info (12021): Found 2 design units, including 1 entities, in source file testbench.vhd
    Info (12022): Found design unit 1: demo-one File: D:/Semester2/UART/UART/RX/Testbench.vhd Line: 7
    Info (12023): Found entity 1: demo File: D:/Semester2/UART/UART/RX/Testbench.vhd Line: 4
Info (12021): Found 4 design units, including 2 entities, in source file proclock.vhd
    Info (12022): Found design unit 1: fullspeed-fs File: D:/Semester2/UART/UART/RX/proclock.vhd Line: 8
    Info (12022): Found design unit 2: proclock-pro File: D:/Semester2/UART/UART/RX/proclock.vhd Line: 35
    Info (12023): Found entity 1: fullspeed File: D:/Semester2/UART/UART/RX/proclock.vhd Line: 4
    Info (12023): Found entity 2: proclock File: D:/Semester2/UART/UART/RX/proclock.vhd Line: 27
Info (12021): Found 2 design units, including 1 entities, in source file counter.vhd
    Info (12022): Found design unit 1: counter-one File: D:/Semester2/UART/UART/RX/Counter.vhd Line: 10
    Info (12023): Found entity 1: Counter File: D:/Semester2/UART/UART/RX/Counter.vhd Line: 5
Info (12021): Found 2 design units, including 1 entities, in source file rx.vhd
    Info (12022): Found design unit 1: ModuleRx-RxFSM File: D:/Semester2/UART/UART/RX/Rx.vhd Line: 13
    Info (12023): Found entity 1: ModuleRx File: D:/Semester2/UART/UART/RX/Rx.vhd Line: 4
Info (12127): Elaborating entity "ModuleRx" for the top level hierarchy
Warning (10492): VHDL Process Statement warning at Rx.vhd(50): signal "InternalData" is read inside the Process Statement but isn't in the Process Statement's sensitivity list File: D:/Semester2/UART/UART/RX/Rx.vhd Line: 50
Warning (10492): VHDL Process Statement warning at Rx.vhd(61): signal "count" is read inside the Process Statement but isn't in the Process Statement's sensitivity list File: D:/Semester2/UART/UART/RX/Rx.vhd Line: 61
Warning (10492): VHDL Process Statement warning at Rx.vhd(71): signal "InternalData" is read inside the Process Statement but isn't in the Process Statement's sensitivity list File: D:/Semester2/UART/UART/RX/Rx.vhd Line: 71
Info (12128): Elaborating entity "proclock" for hierarchy "proclock:probhaiRx" File: D:/Semester2/UART/UART/RX/Rx.vhd Line: 38
Info (10041): Inferred latch for "latchedPre[0]" at proclock.vhd(46) File: D:/Semester2/UART/UART/RX/proclock.vhd Line: 46
Info (10041): Inferred latch for "latchedPre[1]" at proclock.vhd(46) File: D:/Semester2/UART/UART/RX/proclock.vhd Line: 46
Info (10041): Inferred latch for "latchedPre[2]" at proclock.vhd(46) File: D:/Semester2/UART/UART/RX/proclock.vhd Line: 46
Info (12128): Elaborating entity "fullspeed" for hierarchy "proclock:probhaiRx|fullspeed:fulsped" File: D:/Semester2/UART/UART/RX/proclock.vhd Line: 44
Info (21057): Implemented 69 device resources after synthesis - the final resource count might be different
    Info (21058): Implemented 2 input pins
    Info (21059): Implemented 9 output pins
    Info (21061): Implemented 58 logic cells
Info: Quartus Prime Analysis & Synthesis was successful. 0 errors, 4 warnings
    Info: Peak virtual memory: 4762 megabytes
    Info: Processing ended: Tue Aug 10 15:31:11 2021
    Info: Elapsed time: 00:00:11
    Info: Total CPU time (on all processors): 00:00:26


