Analysis & Synthesis report for Tx
Fri Jan 10 19:22:40 2020
Quartus Prime Version 18.1.0 Build 625 09/12/2018 SJ Lite Edition


---------------------
; Table of Contents ;
---------------------
  1. Legal Notice
  2. Analysis & Synthesis Summary
  3. Analysis & Synthesis Settings
  4. Parallel Compilation
  5. Analysis & Synthesis Source Files Read
  6. Analysis & Synthesis Resource Usage Summary
  7. Analysis & Synthesis Resource Utilization by Entity
  8. State Machine - |Tx|present
  9. User-Specified and Inferred Latches
 10. General Register Statistics
 11. Analysis & Synthesis Messages



----------------
; Legal Notice ;
----------------
Copyright (C) 2018  Intel Corporation. All rights reserved.
Your use of Intel Corporation's design tools, logic functions 
and other software and tools, and its AMPP partner logic 
functions, and any output files from any of the foregoing 
(including device programming or simulation files), and any 
associated documentation or information are expressly subject 
to the terms and conditions of the Intel Program License 
Subscription Agreement, the Intel Quartus Prime License Agreement,
the Intel FPGA IP License Agreement, or other applicable license
agreement, including, without limitation, that your use is for
the sole purpose of programming logic devices manufactured by
Intel and sold by Intel or its authorized distributors.  Please
refer to the applicable agreement for further details.



+---------------------------------------------------------------------------+
; Analysis & Synthesis Summary                                              ;
+-----------------------------+---------------------------------------------+
; Analysis & Synthesis Status ; Successful - Fri Jan 10 19:22:40 2020       ;
; Quartus Prime Version       ; 18.1.0 Build 625 09/12/2018 SJ Lite Edition ;
; Revision Name               ; Tx                                          ;
; Top-level Entity Name       ; Tx                                          ;
; Family                      ; MAX V                                       ;
; Total logic elements        ; 41                                          ;
; Total pins                  ; 12                                          ;
; Total virtual pins          ; 0                                           ;
; UFM blocks                  ; 0 / 1 ( 0 % )                               ;
+-----------------------------+---------------------------------------------+


+------------------------------------------------------------------------------------------------------------+
; Analysis & Synthesis Settings                                                                              ;
+------------------------------------------------------------------+--------------------+--------------------+
; Option                                                           ; Setting            ; Default Value      ;
+------------------------------------------------------------------+--------------------+--------------------+
; Device                                                           ; 5M1270ZT144C5      ;                    ;
; Top-level entity name                                            ; Tx                 ; Tx                 ;
; Family name                                                      ; MAX V              ; Cyclone V          ;
; Use smart compilation                                            ; Off                ; Off                ;
; Enable parallel Assembler and Timing Analyzer during compilation ; On                 ; On                 ;
; Enable compact report table                                      ; Off                ; Off                ;
; Restructure Multiplexers                                         ; Auto               ; Auto               ;
; Create Debugging Nodes for IP Cores                              ; Off                ; Off                ;
; Preserve fewer node names                                        ; On                 ; On                 ;
; Intel FPGA IP Evaluation Mode                                    ; Enable             ; Enable             ;
; Verilog Version                                                  ; Verilog_2001       ; Verilog_2001       ;
; VHDL Version                                                     ; VHDL_1993          ; VHDL_1993          ;
; State Machine Processing                                         ; Auto               ; Auto               ;
; Safe State Machine                                               ; Off                ; Off                ;
; Extract Verilog State Machines                                   ; On                 ; On                 ;
; Extract VHDL State Machines                                      ; On                 ; On                 ;
; Ignore Verilog initial constructs                                ; Off                ; Off                ;
; Iteration limit for constant Verilog loops                       ; 5000               ; 5000               ;
; Iteration limit for non-constant Verilog loops                   ; 250                ; 250                ;
; Add Pass-Through Logic to Inferred RAMs                          ; On                 ; On                 ;
; Infer RAMs from Raw Logic                                        ; On                 ; On                 ;
; Parallel Synthesis                                               ; On                 ; On                 ;
; NOT Gate Push-Back                                               ; On                 ; On                 ;
; Power-Up Don't Care                                              ; On                 ; On                 ;
; Remove Redundant Logic Cells                                     ; Off                ; Off                ;
; Remove Duplicate Registers                                       ; On                 ; On                 ;
; Ignore CARRY Buffers                                             ; Off                ; Off                ;
; Ignore CASCADE Buffers                                           ; Off                ; Off                ;
; Ignore GLOBAL Buffers                                            ; Off                ; Off                ;
; Ignore ROW GLOBAL Buffers                                        ; Off                ; Off                ;
; Ignore LCELL Buffers                                             ; Off                ; Off                ;
; Ignore SOFT Buffers                                              ; On                 ; On                 ;
; Limit AHDL Integers to 32 Bits                                   ; Off                ; Off                ;
; Optimization Technique                                           ; Balanced           ; Balanced           ;
; Carry Chain Length                                               ; 70                 ; 70                 ;
; Auto Carry Chains                                                ; On                 ; On                 ;
; Auto Open-Drain Pins                                             ; On                 ; On                 ;
; Perform WYSIWYG Primitive Resynthesis                            ; Off                ; Off                ;
; Auto Shift Register Replacement                                  ; Auto               ; Auto               ;
; Allow Shift Register Merging across Hierarchies                  ; Auto               ; Auto               ;
; Auto Clock Enable Replacement                                    ; On                 ; On                 ;
; Allow Synchronous Control Signals                                ; On                 ; On                 ;
; Force Use of Synchronous Clear Signals                           ; Off                ; Off                ;
; Auto Resource Sharing                                            ; Off                ; Off                ;
; Use LogicLock Constraints during Resource Balancing              ; On                 ; On                 ;
; Ignore translate_off and synthesis_off directives                ; Off                ; Off                ;
; Report Parameter Settings                                        ; On                 ; On                 ;
; Report Source Assignments                                        ; On                 ; On                 ;
; Report Connectivity Checks                                       ; On                 ; On                 ;
; Ignore Maximum Fan-Out Assignments                               ; Off                ; Off                ;
; Synchronization Register Chain Length                            ; 2                  ; 2                  ;
; Power Optimization During Synthesis                              ; Normal compilation ; Normal compilation ;
; HDL message level                                                ; Level2             ; Level2             ;
; Suppress Register Optimization Related Messages                  ; Off                ; Off                ;
; Number of Removed Registers Reported in Synthesis Report         ; 5000               ; 5000               ;
; Number of Swept Nodes Reported in Synthesis Report               ; 5000               ; 5000               ;
; Number of Inverted Registers Reported in Synthesis Report        ; 100                ; 100                ;
; Clock MUX Protection                                             ; On                 ; On                 ;
; Block Design Naming                                              ; Auto               ; Auto               ;
; Synthesis Effort                                                 ; Auto               ; Auto               ;
; Shift Register Replacement - Allow Asynchronous Clear Signal     ; On                 ; On                 ;
; Analysis & Synthesis Message Level                               ; Medium             ; Medium             ;
; Disable Register Merging Across Hierarchies                      ; Auto               ; Auto               ;
+------------------------------------------------------------------+--------------------+--------------------+


+------------------------------------------+
; Parallel Compilation                     ;
+----------------------------+-------------+
; Processors                 ; Number      ;
+----------------------------+-------------+
; Number detected on machine ; 4           ;
; Maximum allowed            ; 4           ;
;                            ;             ;
; Average used               ; 1.00        ;
; Maximum used               ; 1           ;
;                            ;             ;
; Usage by Processor         ; % Time Used ;
;     Processor 1            ; 100.0%      ;
+----------------------------+-------------+


+---------------------------------------------------------------------------------------------------------------------------+
; Analysis & Synthesis Source Files Read                                                                                    ;
+----------------------------------+-----------------+-----------------+------------------------------------------+---------+
; File Name with User-Entered Path ; Used in Netlist ; File Type       ; File Name with Absolute Path             ; Library ;
+----------------------------------+-----------------+-----------------+------------------------------------------+---------+
; Counter.vhd                      ; yes             ; User VHDL File  ; /home/nihar/Projects/UART/Tx/Counter.vhd ;         ;
; TxV2.vhd                         ; yes             ; User VHDL File  ; /home/nihar/Projects/UART/Tx/TxV2.vhd    ;         ;
+----------------------------------+-----------------+-----------------+------------------------------------------+---------+


+----------------------------------------------------------------+
; Analysis & Synthesis Resource Usage Summary                    ;
+---------------------------------------------+------------------+
; Resource                                    ; Usage            ;
+---------------------------------------------+------------------+
; Total logic elements                        ; 41               ;
;     -- Combinational with no register       ; 33               ;
;     -- Register only                        ; 3                ;
;     -- Combinational with a register        ; 5                ;
;                                             ;                  ;
; Logic element usage by number of LUT inputs ;                  ;
;     -- 4 input functions                    ; 2                ;
;     -- 3 input functions                    ; 25               ;
;     -- 2 input functions                    ; 9                ;
;     -- 1 input functions                    ; 2                ;
;     -- 0 input functions                    ; 0                ;
;                                             ;                  ;
; Logic elements by mode                      ;                  ;
;     -- normal mode                          ; 41               ;
;     -- arithmetic mode                      ; 0                ;
;     -- qfbk mode                            ; 0                ;
;     -- register cascade mode                ; 0                ;
;     -- synchronous clear/load mode          ; 0                ;
;     -- asynchronous clear/load mode         ; 4                ;
;                                             ;                  ;
; Total registers                             ; 8                ;
; I/O pins                                    ; 12               ;
; Maximum fan-out node                        ; present.Transmit ;
; Maximum fan-out                             ; 11               ;
; Total fan-out                               ; 120              ;
; Average fan-out                             ; 2.26             ;
+---------------------------------------------+------------------+


+------------------------------------------------------------------------------------------------------------------------------------------------------------------------------------------------------------------------------------+
; Analysis & Synthesis Resource Utilization by Entity                                                                                                                                                                                ;
+----------------------------+-------------+--------------+------------+------+--------------+--------------+-------------------+------------------+-----------------+------------+---------------------+-------------+--------------+
; Compilation Hierarchy Node ; Logic Cells ; LC Registers ; UFM Blocks ; Pins ; Virtual Pins ; LUT-Only LCs ; Register-Only LCs ; LUT/Register LCs ; Carry Chain LCs ; Packed LCs ; Full Hierarchy Name ; Entity Name ; Library Name ;
+----------------------------+-------------+--------------+------------+------+--------------+--------------+-------------------+------------------+-----------------+------------+---------------------+-------------+--------------+
; |Tx                        ; 41 (34)     ; 8            ; 0          ; 12   ; 0            ; 33 (30)      ; 3 (3)             ; 5 (1)            ; 0 (0)           ; 0 (0)      ; |Tx                 ;             ;              ;
;    |Counter:done|          ; 7 (7)       ; 4            ; 0          ; 0    ; 0            ; 3 (3)        ; 0 (0)             ; 4 (4)            ; 0 (0)           ; 0 (0)      ; |Tx|Counter:done    ; Counter     ; work         ;
+----------------------------+-------------+--------------+------------+------+--------------+--------------+-------------------+------------------+-----------------+------------+---------------------+-------------+--------------+
Note: For table entries with two numbers listed, the numbers in parentheses indicate the number of resources of the given type used by the specific entity alone. The numbers listed outside of parentheses indicate the total resources of the given type used by the specific entity and all of its sub-entities in the hierarchy.


Encoding Type:  One-Hot
+-----------------------------------------------------------------------------------+
; State Machine - |Tx|present                                                       ;
+------------------+---------------+------------------+--------------+--------------+
; Name             ; present.Whait ; present.Transmit ; present.Load ; present.Stop ;
+------------------+---------------+------------------+--------------+--------------+
; present.Stop     ; 0             ; 0                ; 0            ; 0            ;
; present.Load     ; 0             ; 0                ; 1            ; 1            ;
; present.Transmit ; 0             ; 1                ; 0            ; 1            ;
; present.Whait    ; 1             ; 0                ; 0            ; 1            ;
+------------------+---------------+------------------+--------------+--------------+


+----------------------------------------------------------------------------------------------------+
; User-Specified and Inferred Latches                                                                ;
+-----------------------------------------------------+---------------------+------------------------+
; Latch Name                                          ; Latch Enable Signal ; Free of Timing Hazards ;
+-----------------------------------------------------+---------------------+------------------------+
; Tx$latch                                            ; Tx                  ; yes                    ;
; data[0]                                             ; data                ; yes                    ;
; data[1]                                             ; data                ; yes                    ;
; nxt.Whait_184                                       ; GND                 ; yes                    ;
; nxt.Stop_211                                        ; Selector19          ; yes                    ;
; nxt.Load_202                                        ; Selector19          ; yes                    ;
; data[2]                                             ; data                ; yes                    ;
; nxt.Transmit_193                                    ; Selector19          ; yes                    ;
; ien                                                 ; Tx                  ; yes                    ;
; data[3]                                             ; data                ; yes                    ;
; data[4]                                             ; data                ; yes                    ;
; data[5]                                             ; data                ; yes                    ;
; data[6]                                             ; data                ; yes                    ;
; data[7]                                             ; data                ; yes                    ;
; data[8]                                             ; data                ; yes                    ;
; Number of user-specified and inferred latches = 15  ;                     ;                        ;
+-----------------------------------------------------+---------------------+------------------------+
Note: All latches listed above may not be present at the end of synthesis due to various synthesis optimizations.


+------------------------------------------------------+
; General Register Statistics                          ;
+----------------------------------------------+-------+
; Statistic                                    ; Value ;
+----------------------------------------------+-------+
; Total registers                              ; 8     ;
; Number of registers using Synchronous Clear  ; 0     ;
; Number of registers using Synchronous Load   ; 0     ;
; Number of registers using Asynchronous Clear ; 4     ;
; Number of registers using Asynchronous Load  ; 0     ;
; Number of registers using Clock Enable       ; 0     ;
; Number of registers using Preset             ; 0     ;
+----------------------------------------------+-------+


+-------------------------------+
; Analysis & Synthesis Messages ;
+-------------------------------+
Info: *******************************************************************
Info: Running Quartus Prime Analysis & Synthesis
    Info: Version 18.1.0 Build 625 09/12/2018 SJ Lite Edition
    Info: Processing started: Fri Jan 10 19:22:31 2020
Info: Command: quartus_map --read_settings_files=on --write_settings_files=off Tx -c Tx
Warning (18236): Number of processors has not been specified which may cause overloading on shared machines.  Set the global assignment NUM_PARALLEL_PROCESSORS in your QSF to an appropriate value for best performance.
Info (20030): Parallel compilation is enabled and will use 4 of the 4 processors detected
Info (12021): Found 2 design units, including 1 entities, in source file Testbench.vhd
    Info (12022): Found design unit 1: demo-one File: /home/nihar/Projects/UART/Tx/Testbench.vhd Line: 4
    Info (12023): Found entity 1: demo File: /home/nihar/Projects/UART/Tx/Testbench.vhd Line: 3
Info (12021): Found 4 design units, including 2 entities, in source file proclock.vhd
    Info (12022): Found design unit 1: fullspeed-fs File: /home/nihar/Projects/UART/Tx/proclock.vhd Line: 8
    Info (12022): Found design unit 2: proclock-pro File: /home/nihar/Projects/UART/Tx/proclock.vhd Line: 35
    Info (12023): Found entity 1: fullspeed File: /home/nihar/Projects/UART/Tx/proclock.vhd Line: 4
    Info (12023): Found entity 2: proclock File: /home/nihar/Projects/UART/Tx/proclock.vhd Line: 27
Info (12021): Found 2 design units, including 1 entities, in source file Counter.vhd
    Info (12022): Found design unit 1: counter-one File: /home/nihar/Projects/UART/Tx/Counter.vhd Line: 10
    Info (12023): Found entity 1: Counter File: /home/nihar/Projects/UART/Tx/Counter.vhd Line: 5
Info (12021): Found 2 design units, including 1 entities, in source file TxV2.vhd
    Info (12022): Found design unit 1: Tx-Version2_transmit File: /home/nihar/Projects/UART/Tx/TxV2.vhd Line: 14
    Info (12023): Found entity 1: Tx File: /home/nihar/Projects/UART/Tx/TxV2.vhd Line: 5
Info (12127): Elaborating entity "Tx" for the top level hierarchy
Warning (10036): Verilog HDL or VHDL warning at TxV2.vhd(27): object "mode" assigned a value but never read File: /home/nihar/Projects/UART/Tx/TxV2.vhd Line: 27
Warning (10036): Verilog HDL or VHDL warning at TxV2.vhd(29): object "ilatch" assigned a value but never read File: /home/nihar/Projects/UART/Tx/TxV2.vhd Line: 29
Warning (10492): VHDL Process Statement warning at TxV2.vhd(51): signal "data_in" is read inside the Process Statement but isn't in the Process Statement's sensitivity list File: /home/nihar/Projects/UART/Tx/TxV2.vhd Line: 51
Warning (10492): VHDL Process Statement warning at TxV2.vhd(56): signal "data" is read inside the Process Statement but isn't in the Process Statement's sensitivity list File: /home/nihar/Projects/UART/Tx/TxV2.vhd Line: 56
Warning (10492): VHDL Process Statement warning at TxV2.vhd(58): signal "data" is read inside the Process Statement but isn't in the Process Statement's sensitivity list File: /home/nihar/Projects/UART/Tx/TxV2.vhd Line: 58
Warning (10492): VHDL Process Statement warning at TxV2.vhd(61): signal "idone" is read inside the Process Statement but isn't in the Process Statement's sensitivity list File: /home/nihar/Projects/UART/Tx/TxV2.vhd Line: 61
Warning (10631): VHDL Process Statement warning at TxV2.vhd(42): inferring latch(es) for signal or variable "nxt", which holds its previous value in one or more paths through the process File: /home/nihar/Projects/UART/Tx/TxV2.vhd Line: 42
Warning (10631): VHDL Process Statement warning at TxV2.vhd(42): inferring latch(es) for signal or variable "data", which holds its previous value in one or more paths through the process File: /home/nihar/Projects/UART/Tx/TxV2.vhd Line: 42
Warning (10631): VHDL Process Statement warning at TxV2.vhd(42): inferring latch(es) for signal or variable "Tx", which holds its previous value in one or more paths through the process File: /home/nihar/Projects/UART/Tx/TxV2.vhd Line: 42
Warning (10631): VHDL Process Statement warning at TxV2.vhd(42): inferring latch(es) for signal or variable "ien", which holds its previous value in one or more paths through the process File: /home/nihar/Projects/UART/Tx/TxV2.vhd Line: 42
Info (10041): Inferred latch for "ien" at TxV2.vhd(42) File: /home/nihar/Projects/UART/Tx/TxV2.vhd Line: 42
Info (10041): Inferred latch for "Tx" at TxV2.vhd(42) File: /home/nihar/Projects/UART/Tx/TxV2.vhd Line: 42
Info (10041): Inferred latch for "data[0]" at TxV2.vhd(42) File: /home/nihar/Projects/UART/Tx/TxV2.vhd Line: 42
Info (10041): Inferred latch for "data[1]" at TxV2.vhd(42) File: /home/nihar/Projects/UART/Tx/TxV2.vhd Line: 42
Info (10041): Inferred latch for "data[2]" at TxV2.vhd(42) File: /home/nihar/Projects/UART/Tx/TxV2.vhd Line: 42
Info (10041): Inferred latch for "data[3]" at TxV2.vhd(42) File: /home/nihar/Projects/UART/Tx/TxV2.vhd Line: 42
Info (10041): Inferred latch for "data[4]" at TxV2.vhd(42) File: /home/nihar/Projects/UART/Tx/TxV2.vhd Line: 42
Info (10041): Inferred latch for "data[5]" at TxV2.vhd(42) File: /home/nihar/Projects/UART/Tx/TxV2.vhd Line: 42
Info (10041): Inferred latch for "data[6]" at TxV2.vhd(42) File: /home/nihar/Projects/UART/Tx/TxV2.vhd Line: 42
Info (10041): Inferred latch for "data[7]" at TxV2.vhd(42) File: /home/nihar/Projects/UART/Tx/TxV2.vhd Line: 42
Info (10041): Inferred latch for "data[8]" at TxV2.vhd(42) File: /home/nihar/Projects/UART/Tx/TxV2.vhd Line: 42
Info (10041): Inferred latch for "nxt.Whait" at TxV2.vhd(42) File: /home/nihar/Projects/UART/Tx/TxV2.vhd Line: 42
Info (10041): Inferred latch for "nxt.Transmit" at TxV2.vhd(42) File: /home/nihar/Projects/UART/Tx/TxV2.vhd Line: 42
Info (10041): Inferred latch for "nxt.Load" at TxV2.vhd(42) File: /home/nihar/Projects/UART/Tx/TxV2.vhd Line: 42
Info (10041): Inferred latch for "nxt.Stop" at TxV2.vhd(42) File: /home/nihar/Projects/UART/Tx/TxV2.vhd Line: 42
Info (12128): Elaborating entity "Counter" for hierarchy "Counter:done" File: /home/nihar/Projects/UART/Tx/TxV2.vhd Line: 35
Warning (10492): VHDL Process Statement warning at Counter.vhd(18): signal "count" is read inside the Process Statement but isn't in the Process Statement's sensitivity list File: /home/nihar/Projects/UART/Tx/Counter.vhd Line: 18
Info (21057): Implemented 53 device resources after synthesis - the final resource count might be different
    Info (21058): Implemented 10 input pins
    Info (21059): Implemented 2 output pins
    Info (21061): Implemented 41 logic cells
Info: Quartus Prime Analysis & Synthesis was successful. 0 errors, 12 warnings
    Info: Peak virtual memory: 947 megabytes
    Info: Processing ended: Fri Jan 10 19:22:40 2020
    Info: Elapsed time: 00:00:09
    Info: Total CPU time (on all processors): 00:00:20


