Timing Analyzer report for Tx
Fri Jan 10 19:17:56 2020
Quartus Prime Version 18.1.0 Build 625 09/12/2018 SJ Lite Edition


---------------------
; Table of Contents ;
---------------------
  1. Legal Notice
  2. Timing Analyzer Summary
  3. Parallel Compilation
  4. Clocks
  5. Fmax Summary
  6. Setup Summary
  7. Hold Summary
  8. Recovery Summary
  9. Removal Summary
 10. Minimum Pulse Width Summary
 11. Setup: 'present.Stop'
 12. Setup: 'clk'
 13. Setup: 'Counter:done|count[0]'
 14. Hold: 'Counter:done|count[0]'
 15. Hold: 'clk'
 16. Hold: 'present.Stop'
 17. Recovery: 'clk'
 18. Removal: 'clk'
 19. Setup Transfers
 20. Hold Transfers
 21. Recovery Transfers
 22. Removal Transfers
 23. Report TCCS
 24. Report RSKM
 25. Unconstrained Paths Summary
 26. Clock Status Summary
 27. Unconstrained Input Ports
 28. Unconstrained Output Ports
 29. Unconstrained Input Ports
 30. Unconstrained Output Ports
 31. Timing Analyzer Messages



----------------
; Legal Notice ;
----------------
Copyright (C) 2018  Intel Corporation. All rights reserved.
Your use of Intel Corporation's design tools, logic functions 
and other software and tools, and its AMPP partner logic 
functions, and any output files from any of the foregoing 
(including device programming or simulation files), and any 
associated documentation or information are expressly subject 
to the terms and conditions of the Intel Program License 
Subscription Agreement, the Intel Quartus Prime License Agreement,
the Intel FPGA IP License Agreement, or other applicable license
agreement, including, without limitation, that your use is for
the sole purpose of programming logic devices manufactured by
Intel and sold by Intel or its authorized distributors.  Please
refer to the applicable agreement for further details.



+-----------------------------------------------------------------------------+
; Timing Analyzer Summary                                                     ;
+-----------------------+-----------------------------------------------------+
; Quartus Prime Version ; Version 18.1.0 Build 625 09/12/2018 SJ Lite Edition ;
; Timing Analyzer       ; Legacy Timing Analyzer                              ;
; Revision Name         ; Tx                                                  ;
; Device Family         ; MAX V                                               ;
; Device Name           ; 5M1270ZT144C5                                       ;
; Timing Models         ; Final                                               ;
; Delay Model           ; Slow Model                                          ;
; Rise/Fall Delays      ; Unavailable                                         ;
+-----------------------+-----------------------------------------------------+


+------------------------------------------+
; Parallel Compilation                     ;
+----------------------------+-------------+
; Processors                 ; Number      ;
+----------------------------+-------------+
; Number detected on machine ; 4           ;
; Maximum allowed            ; 4           ;
;                            ;             ;
; Average used               ; 1.00        ;
; Maximum used               ; 2           ;
;                            ;             ;
; Usage by Processor         ; % Time Used ;
;     Processor 1            ; 100.0%      ;
;     Processor 2            ;   0.0%      ;
+----------------------------+-------------+


+--------------------------------------------------------------------------------------------------------------------------------------------------------------------------------------------------------------+
; Clocks                                                                                                                                                                                                       ;
+-----------------------+------+--------+------------+-------+-------+------------+-----------+-------------+-------+--------+-----------+------------+----------+--------+--------+---------------------------+
; Clock Name            ; Type ; Period ; Frequency  ; Rise  ; Fall  ; Duty Cycle ; Divide by ; Multiply by ; Phase ; Offset ; Edge List ; Edge Shift ; Inverted ; Master ; Source ; Targets                   ;
+-----------------------+------+--------+------------+-------+-------+------------+-----------+-------------+-------+--------+-----------+------------+----------+--------+--------+---------------------------+
; clk                   ; Base ; 1.000  ; 1000.0 MHz ; 0.000 ; 0.500 ;            ;           ;             ;       ;        ;           ;            ;          ;        ;        ; { clk }                   ;
; Counter:done|count[0] ; Base ; 1.000  ; 1000.0 MHz ; 0.000 ; 0.500 ;            ;           ;             ;       ;        ;           ;            ;          ;        ;        ; { Counter:done|count[0] } ;
; present.Stop          ; Base ; 1.000  ; 1000.0 MHz ; 0.000 ; 0.500 ;            ;           ;             ;       ;        ;           ;            ;          ;        ;        ; { present.Stop }          ;
+-----------------------+------+--------+------------+-------+-------+------------+-----------+-------------+-------+--------+-----------+------------+----------+--------+--------+---------------------------+


+-------------------------------------------------------------------------------------------------------------+
; Fmax Summary                                                                                                ;
+------------+-----------------+--------------+---------------------------------------------------------------+
; Fmax       ; Restricted Fmax ; Clock Name   ; Note                                                          ;
+------------+-----------------+--------------+---------------------------------------------------------------+
; 170.5 MHz  ; 170.5 MHz       ; present.Stop ;                                                               ;
; 355.49 MHz ; 304.04 MHz      ; clk          ; limit due to minimum period restriction (max I/O toggle rate) ;
+------------+-----------------+--------------+---------------------------------------------------------------+
This panel reports FMAX for every clock in the design, regardless of the user-specified clock periods.  FMAX is only computed for paths where the source and destination registers or ports are driven by the same clock.  Paths of different clocks, including generated clocks, are ignored.  For paths between a clock and its inversion, FMAX is computed as if the rising and falling edges are scaled along with FMAX, such that the duty cycle (in terms of a percentage) is maintained. Altera recommends that you always use clock constraints and other slack reports for sign-off analysis.


+------------------------------------------------+
; Setup Summary                                  ;
+-----------------------+--------+---------------+
; Clock                 ; Slack  ; End Point TNS ;
+-----------------------+--------+---------------+
; present.Stop          ; -4.865 ; -31.676       ;
; clk                   ; -4.235 ; -16.931       ;
; Counter:done|count[0] ; -1.073 ; -1.128        ;
+-----------------------+--------+---------------+


+------------------------------------------------+
; Hold Summary                                   ;
+-----------------------+--------+---------------+
; Clock                 ; Slack  ; End Point TNS ;
+-----------------------+--------+---------------+
; Counter:done|count[0] ; -4.699 ; -10.022       ;
; clk                   ; -2.014 ; -5.238        ;
; present.Stop          ; -1.630 ; -5.937        ;
+-----------------------+--------+---------------+


+--------------------------------+
; Recovery Summary               ;
+-------+--------+---------------+
; Clock ; Slack  ; End Point TNS ;
+-------+--------+---------------+
; clk   ; -5.568 ; -22.272       ;
+-------+--------+---------------+


+-------------------------------+
; Removal Summary               ;
+-------+-------+---------------+
; Clock ; Slack ; End Point TNS ;
+-------+-------+---------------+
; clk   ; 1.052 ; 0.000         ;
+-------+-------+---------------+


+------------------------------------------------+
; Minimum Pulse Width Summary                    ;
+-----------------------+--------+---------------+
; Clock                 ; Slack  ; End Point TNS ;
+-----------------------+--------+---------------+
; clk                   ; -2.289 ; -2.289        ;
; Counter:done|count[0] ; 0.500  ; 0.000         ;
; present.Stop          ; 0.500  ; 0.000         ;
+-----------------------+--------+---------------+


+-------------------------------------------------------------------------------------------------------------+
; Setup: 'present.Stop'                                                                                       ;
+--------+------------------+----------+--------------+--------------+--------------+------------+------------+
; Slack  ; From Node        ; To Node  ; Launch Clock ; Latch Clock  ; Relationship ; Clock Skew ; Data Delay ;
+--------+------------------+----------+--------------+--------------+--------------+------------+------------+
; -4.865 ; data[2]          ; data[1]  ; present.Stop ; present.Stop ; 1.000        ; -0.006     ; 2.233      ;
; -3.688 ; data[1]          ; data[0]  ; present.Stop ; present.Stop ; 1.000        ; 0.009      ; 2.315      ;
; -3.365 ; data[5]          ; data[4]  ; present.Stop ; present.Stop ; 1.000        ; 0.005      ; 2.237      ;
; -3.230 ; data[6]          ; data[5]  ; present.Stop ; present.Stop ; 1.000        ; 0.001      ; 1.810      ;
; -3.207 ; data[8]          ; data[7]  ; present.Stop ; present.Stop ; 1.000        ; 0.008      ; 2.224      ;
; -3.067 ; data[0]          ; Tx$latch ; present.Stop ; present.Stop ; 1.000        ; -0.207     ; 1.844      ;
; -2.999 ; present.Transmit ; data[1]  ; clk          ; present.Stop ; 1.000        ; 3.304      ; 3.677      ;
; -2.834 ; data[4]          ; data[3]  ; present.Stop ; present.Stop ; 1.000        ; 0.008      ; 1.855      ;
; -2.824 ; data[7]          ; data[6]  ; present.Stop ; present.Stop ; 1.000        ; -0.009     ; 1.819      ;
; -2.583 ; data[3]          ; data[2]  ; present.Stop ; present.Stop ; 1.000        ; 0.006      ; 1.445      ;
; -1.214 ; present.Whait    ; ien      ; clk          ; present.Stop ; 1.000        ; 3.102      ; 2.860      ;
; -1.132 ; present.Transmit ; data[0]  ; clk          ; present.Stop ; 1.000        ; 3.313      ; 3.063      ;
; -0.799 ; present.Transmit ; data[8]  ; clk          ; present.Stop ; 1.000        ; 3.291      ; 2.949      ;
; -0.747 ; present.Transmit ; data[2]  ; clk          ; present.Stop ; 1.000        ; 3.310      ; 2.913      ;
; -0.648 ; present.Transmit ; data[5]  ; clk          ; present.Stop ; 1.000        ; 3.291      ; 2.518      ;
; -0.634 ; present.Transmit ; data[7]  ; clk          ; present.Stop ; 1.000        ; 3.299      ; 2.942      ;
; -0.586 ; present.Transmit ; data[3]  ; clk          ; present.Stop ; 1.000        ; 3.304      ; 2.903      ;
; -0.363 ; present.Transmit ; data[4]  ; clk          ; present.Stop ; 1.000        ; 3.296      ; 2.526      ;
; -0.221 ; present.Transmit ; data[6]  ; clk          ; present.Stop ; 1.000        ; 3.290      ; 2.515      ;
; 0.614  ; present.Whait    ; Tx$latch ; clk          ; present.Stop ; 1.000        ; 3.106      ; 1.476      ;
+--------+------------------+----------+--------------+--------------+--------------+------------+------------+


+---------------------------------------------------------------------------------------------------------------------------------------+
; Setup: 'clk'                                                                                                                          ;
+--------+-----------------------+-----------------------+-----------------------+-------------+--------------+------------+------------+
; Slack  ; From Node             ; To Node               ; Launch Clock          ; Latch Clock ; Relationship ; Clock Skew ; Data Delay ;
+--------+-----------------------+-----------------------+-----------------------+-------------+--------------+------------+------------+
; -4.235 ; nxt.Load_202          ; present.Load          ; Counter:done|count[0] ; clk         ; 0.500        ; -3.360     ; 1.042      ;
; -4.217 ; nxt.Transmit_193      ; present.Transmit      ; Counter:done|count[0] ; clk         ; 0.500        ; -3.360     ; 1.024      ;
; -3.874 ; nxt.Stop_211          ; present.Stop          ; Counter:done|count[0] ; clk         ; 0.500        ; -3.145     ; 0.896      ;
; -1.813 ; Counter:done|count[3] ; Counter:done|count[3] ; clk                   ; clk         ; 1.000        ; 0.000      ; 2.480      ;
; -1.518 ; Counter:done|count[2] ; Counter:done|count[3] ; clk                   ; clk         ; 1.000        ; 0.000      ; 2.185      ;
; -1.506 ; Counter:done|count[2] ; Counter:done|count[2] ; clk                   ; clk         ; 1.000        ; 0.000      ; 2.173      ;
; -1.289 ; Counter:done|count[1] ; Counter:done|count[3] ; clk                   ; clk         ; 1.000        ; 0.000      ; 1.956      ;
; -1.289 ; Counter:done|count[1] ; Counter:done|count[2] ; clk                   ; clk         ; 1.000        ; 0.000      ; 1.956      ;
; -1.286 ; Counter:done|count[1] ; Counter:done|count[1] ; clk                   ; clk         ; 1.000        ; 0.000      ; 1.953      ;
; 0.826  ; Counter:done|count[0] ; Counter:done|count[2] ; Counter:done|count[0] ; clk         ; 0.500        ; 3.819      ; 3.536      ;
; 0.828  ; Counter:done|count[0] ; Counter:done|count[1] ; Counter:done|count[0] ; clk         ; 0.500        ; 3.819      ; 3.534      ;
; 1.326  ; Counter:done|count[0] ; Counter:done|count[2] ; Counter:done|count[0] ; clk         ; 1.000        ; 3.819      ; 3.536      ;
; 1.328  ; Counter:done|count[0] ; Counter:done|count[1] ; Counter:done|count[0] ; clk         ; 1.000        ; 3.819      ; 3.534      ;
; 1.408  ; Counter:done|count[0] ; Counter:done|count[0] ; Counter:done|count[0] ; clk         ; 0.500        ; 3.819      ; 2.954      ;
; 1.908  ; Counter:done|count[0] ; Counter:done|count[0] ; Counter:done|count[0] ; clk         ; 1.000        ; 3.819      ; 2.954      ;
; 1.960  ; Counter:done|count[0] ; Counter:done|count[3] ; Counter:done|count[0] ; clk         ; 0.500        ; 3.819      ; 2.402      ;
; 2.460  ; Counter:done|count[0] ; Counter:done|count[3] ; Counter:done|count[0] ; clk         ; 1.000        ; 3.819      ; 2.402      ;
+--------+-----------------------+-----------------------+-----------------------+-------------+--------------+------------+------------+


+---------------------------------------------------------------------------------------------------------------------------+
; Setup: 'Counter:done|count[0]'                                                                                            ;
+--------+---------------+------------------+--------------+-----------------------+--------------+------------+------------+
; Slack  ; From Node     ; To Node          ; Launch Clock ; Latch Clock           ; Relationship ; Clock Skew ; Data Delay ;
+--------+---------------+------------------+--------------+-----------------------+--------------+------------+------------+
; -1.073 ; present.Whait ; nxt.Stop_211     ; clk          ; Counter:done|count[0] ; 0.500        ; 3.145      ; 2.752      ;
; -0.055 ; present.Load  ; nxt.Transmit_193 ; clk          ; Counter:done|count[0] ; 0.500        ; 3.360      ; 1.909      ;
; 2.906  ; present.Stop  ; nxt.Stop_211     ; present.Stop ; Counter:done|count[0] ; 0.500        ; 6.964      ; 2.968      ;
; 3.175  ; present.Stop  ; nxt.Load_202     ; present.Stop ; Counter:done|count[0] ; 0.500        ; 7.179      ; 2.856      ;
; 3.406  ; present.Stop  ; nxt.Stop_211     ; present.Stop ; Counter:done|count[0] ; 1.000        ; 6.964      ; 2.968      ;
; 3.675  ; present.Stop  ; nxt.Load_202     ; present.Stop ; Counter:done|count[0] ; 1.000        ; 7.179      ; 2.856      ;
+--------+---------------+------------------+--------------+-----------------------+--------------+------------+------------+


+---------------------------------------------------------------------------------------------------------------------------+
; Hold: 'Counter:done|count[0]'                                                                                             ;
+--------+---------------+------------------+--------------+-----------------------+--------------+------------+------------+
; Slack  ; From Node     ; To Node          ; Launch Clock ; Latch Clock           ; Relationship ; Clock Skew ; Data Delay ;
+--------+---------------+------------------+--------------+-----------------------+--------------+------------+------------+
; -4.699 ; present.Stop  ; nxt.Load_202     ; present.Stop ; Counter:done|count[0] ; 0.000        ; 7.179      ; 2.856      ;
; -4.372 ; present.Stop  ; nxt.Stop_211     ; present.Stop ; Counter:done|count[0] ; 0.000        ; 6.964      ; 2.968      ;
; -4.199 ; present.Stop  ; nxt.Load_202     ; present.Stop ; Counter:done|count[0] ; -0.500       ; 7.179      ; 2.856      ;
; -3.872 ; present.Stop  ; nxt.Stop_211     ; present.Stop ; Counter:done|count[0] ; -0.500       ; 6.964      ; 2.968      ;
; -0.951 ; present.Load  ; nxt.Transmit_193 ; clk          ; Counter:done|count[0] ; -0.500       ; 3.360      ; 1.909      ;
; 0.107  ; present.Whait ; nxt.Stop_211     ; clk          ; Counter:done|count[0] ; -0.500       ; 3.145      ; 2.752      ;
+--------+---------------+------------------+--------------+-----------------------+--------------+------------+------------+


+---------------------------------------------------------------------------------------------------------------------------------------+
; Hold: 'clk'                                                                                                                           ;
+--------+-----------------------+-----------------------+-----------------------+-------------+--------------+------------+------------+
; Slack  ; From Node             ; To Node               ; Launch Clock          ; Latch Clock ; Relationship ; Clock Skew ; Data Delay ;
+--------+-----------------------+-----------------------+-----------------------+-------------+--------------+------------+------------+
; -2.014 ; Counter:done|count[0] ; Counter:done|count[3] ; Counter:done|count[0] ; clk         ; 0.000        ; 3.819      ; 2.402      ;
; -1.514 ; Counter:done|count[0] ; Counter:done|count[3] ; Counter:done|count[0] ; clk         ; -0.500       ; 3.819      ; 2.402      ;
; -1.462 ; Counter:done|count[0] ; Counter:done|count[0] ; Counter:done|count[0] ; clk         ; 0.000        ; 3.819      ; 2.954      ;
; -0.962 ; Counter:done|count[0] ; Counter:done|count[0] ; Counter:done|count[0] ; clk         ; -0.500       ; 3.819      ; 2.954      ;
; -0.882 ; Counter:done|count[0] ; Counter:done|count[1] ; Counter:done|count[0] ; clk         ; 0.000        ; 3.819      ; 3.534      ;
; -0.880 ; Counter:done|count[0] ; Counter:done|count[2] ; Counter:done|count[0] ; clk         ; 0.000        ; 3.819      ; 3.536      ;
; -0.382 ; Counter:done|count[0] ; Counter:done|count[1] ; Counter:done|count[0] ; clk         ; -0.500       ; 3.819      ; 3.534      ;
; -0.380 ; Counter:done|count[0] ; Counter:done|count[2] ; Counter:done|count[0] ; clk         ; -0.500       ; 3.819      ; 3.536      ;
; 1.732  ; Counter:done|count[1] ; Counter:done|count[1] ; clk                   ; clk         ; 0.000        ; 0.000      ; 1.953      ;
; 1.735  ; Counter:done|count[1] ; Counter:done|count[3] ; clk                   ; clk         ; 0.000        ; 0.000      ; 1.956      ;
; 1.735  ; Counter:done|count[1] ; Counter:done|count[2] ; clk                   ; clk         ; 0.000        ; 0.000      ; 1.956      ;
; 1.952  ; Counter:done|count[2] ; Counter:done|count[2] ; clk                   ; clk         ; 0.000        ; 0.000      ; 2.173      ;
; 1.964  ; Counter:done|count[2] ; Counter:done|count[3] ; clk                   ; clk         ; 0.000        ; 0.000      ; 2.185      ;
; 2.259  ; Counter:done|count[3] ; Counter:done|count[3] ; clk                   ; clk         ; 0.000        ; 0.000      ; 2.480      ;
; 4.320  ; nxt.Stop_211          ; present.Stop          ; Counter:done|count[0] ; clk         ; -0.500       ; -3.145     ; 0.896      ;
; 4.663  ; nxt.Transmit_193      ; present.Transmit      ; Counter:done|count[0] ; clk         ; -0.500       ; -3.360     ; 1.024      ;
; 4.681  ; nxt.Load_202          ; present.Load          ; Counter:done|count[0] ; clk         ; -0.500       ; -3.360     ; 1.042      ;
+--------+-----------------------+-----------------------+-----------------------+-------------+--------------+------------+------------+


+-------------------------------------------------------------------------------------------------------------+
; Hold: 'present.Stop'                                                                                        ;
+--------+------------------+----------+--------------+--------------+--------------+------------+------------+
; Slack  ; From Node        ; To Node  ; Launch Clock ; Latch Clock  ; Relationship ; Clock Skew ; Data Delay ;
+--------+------------------+----------+--------------+--------------+--------------+------------+------------+
; -1.630 ; present.Whait    ; Tx$latch ; clk          ; present.Stop ; 0.000        ; 3.106      ; 1.476      ;
; -0.775 ; present.Transmit ; data[6]  ; clk          ; present.Stop ; 0.000        ; 3.290      ; 2.515      ;
; -0.773 ; present.Transmit ; data[5]  ; clk          ; present.Stop ; 0.000        ; 3.291      ; 2.518      ;
; -0.770 ; present.Transmit ; data[4]  ; clk          ; present.Stop ; 0.000        ; 3.296      ; 2.526      ;
; -0.401 ; present.Transmit ; data[3]  ; clk          ; present.Stop ; 0.000        ; 3.304      ; 2.903      ;
; -0.397 ; present.Transmit ; data[2]  ; clk          ; present.Stop ; 0.000        ; 3.310      ; 2.913      ;
; -0.357 ; present.Transmit ; data[7]  ; clk          ; present.Stop ; 0.000        ; 3.299      ; 2.942      ;
; -0.342 ; present.Transmit ; data[8]  ; clk          ; present.Stop ; 0.000        ; 3.291      ; 2.949      ;
; -0.250 ; present.Transmit ; data[0]  ; clk          ; present.Stop ; 0.000        ; 3.313      ; 3.063      ;
; -0.242 ; present.Whait    ; ien      ; clk          ; present.Stop ; 0.000        ; 3.102      ; 2.860      ;
; 0.373  ; present.Transmit ; data[1]  ; clk          ; present.Stop ; 0.000        ; 3.304      ; 3.677      ;
; 1.439  ; data[3]          ; data[2]  ; present.Stop ; present.Stop ; 0.000        ; 0.006      ; 1.445      ;
; 1.809  ; data[6]          ; data[5]  ; present.Stop ; present.Stop ; 0.000        ; 0.001      ; 1.810      ;
; 1.828  ; data[7]          ; data[6]  ; present.Stop ; present.Stop ; 0.000        ; -0.009     ; 1.819      ;
; 1.847  ; data[4]          ; data[3]  ; present.Stop ; present.Stop ; 0.000        ; 0.008      ; 1.855      ;
; 2.051  ; data[0]          ; Tx$latch ; present.Stop ; present.Stop ; 0.000        ; -0.207     ; 1.844      ;
; 2.216  ; data[8]          ; data[7]  ; present.Stop ; present.Stop ; 0.000        ; 0.008      ; 2.224      ;
; 2.232  ; data[5]          ; data[4]  ; present.Stop ; present.Stop ; 0.000        ; 0.005      ; 2.237      ;
; 2.239  ; data[2]          ; data[1]  ; present.Stop ; present.Stop ; 0.000        ; -0.006     ; 2.233      ;
; 2.306  ; data[1]          ; data[0]  ; present.Stop ; present.Stop ; 0.000        ; 0.009      ; 2.315      ;
+--------+------------------+----------+--------------+--------------+--------------+------------+------------+


+---------------------------------------------------------------------------------------------------------------------------------------+
; Recovery: 'clk'                                                                                                                       ;
+--------+-----------------------+-----------------------+-----------------------+-------------+--------------+------------+------------+
; Slack  ; From Node             ; To Node               ; Launch Clock          ; Latch Clock ; Relationship ; Clock Skew ; Data Delay ;
+--------+-----------------------+-----------------------+-----------------------+-------------+--------------+------------+------------+
; -5.568 ; ien                   ; Counter:done|count[3] ; present.Stop          ; clk         ; 1.000        ; -3.102     ; 3.133      ;
; -5.568 ; ien                   ; Counter:done|count[0] ; present.Stop          ; clk         ; 1.000        ; -3.102     ; 3.133      ;
; -5.568 ; ien                   ; Counter:done|count[1] ; present.Stop          ; clk         ; 1.000        ; -3.102     ; 3.133      ;
; -5.568 ; ien                   ; Counter:done|count[2] ; present.Stop          ; clk         ; 1.000        ; -3.102     ; 3.133      ;
; -5.478 ; Counter:done|count[2] ; Counter:done|count[3] ; clk                   ; clk         ; 1.000        ; 0.000      ; 6.145      ;
; -5.478 ; Counter:done|count[2] ; Counter:done|count[0] ; clk                   ; clk         ; 1.000        ; 0.000      ; 6.145      ;
; -5.478 ; Counter:done|count[2] ; Counter:done|count[1] ; clk                   ; clk         ; 1.000        ; 0.000      ; 6.145      ;
; -5.478 ; Counter:done|count[2] ; Counter:done|count[2] ; clk                   ; clk         ; 1.000        ; 0.000      ; 6.145      ;
; -5.353 ; Counter:done|count[1] ; Counter:done|count[3] ; clk                   ; clk         ; 1.000        ; 0.000      ; 6.020      ;
; -5.353 ; Counter:done|count[1] ; Counter:done|count[0] ; clk                   ; clk         ; 1.000        ; 0.000      ; 6.020      ;
; -5.353 ; Counter:done|count[1] ; Counter:done|count[1] ; clk                   ; clk         ; 1.000        ; 0.000      ; 6.020      ;
; -5.353 ; Counter:done|count[1] ; Counter:done|count[2] ; clk                   ; clk         ; 1.000        ; 0.000      ; 6.020      ;
; -5.132 ; Counter:done|count[3] ; Counter:done|count[3] ; clk                   ; clk         ; 1.000        ; 0.000      ; 5.799      ;
; -5.132 ; Counter:done|count[3] ; Counter:done|count[0] ; clk                   ; clk         ; 1.000        ; 0.000      ; 5.799      ;
; -5.132 ; Counter:done|count[3] ; Counter:done|count[1] ; clk                   ; clk         ; 1.000        ; 0.000      ; 5.799      ;
; -5.132 ; Counter:done|count[3] ; Counter:done|count[2] ; clk                   ; clk         ; 1.000        ; 0.000      ; 5.799      ;
; -1.106 ; Counter:done|count[0] ; Counter:done|count[3] ; Counter:done|count[0] ; clk         ; 0.500        ; 3.819      ; 5.468      ;
; -1.106 ; Counter:done|count[0] ; Counter:done|count[0] ; Counter:done|count[0] ; clk         ; 0.500        ; 3.819      ; 5.468      ;
; -1.106 ; Counter:done|count[0] ; Counter:done|count[1] ; Counter:done|count[0] ; clk         ; 0.500        ; 3.819      ; 5.468      ;
; -1.106 ; Counter:done|count[0] ; Counter:done|count[2] ; Counter:done|count[0] ; clk         ; 0.500        ; 3.819      ; 5.468      ;
; -0.606 ; Counter:done|count[0] ; Counter:done|count[3] ; Counter:done|count[0] ; clk         ; 1.000        ; 3.819      ; 5.468      ;
; -0.606 ; Counter:done|count[0] ; Counter:done|count[0] ; Counter:done|count[0] ; clk         ; 1.000        ; 3.819      ; 5.468      ;
; -0.606 ; Counter:done|count[0] ; Counter:done|count[1] ; Counter:done|count[0] ; clk         ; 1.000        ; 3.819      ; 5.468      ;
; -0.606 ; Counter:done|count[0] ; Counter:done|count[2] ; Counter:done|count[0] ; clk         ; 1.000        ; 3.819      ; 5.468      ;
+--------+-----------------------+-----------------------+-----------------------+-------------+--------------+------------+------------+


+--------------------------------------------------------------------------------------------------------------------------------------+
; Removal: 'clk'                                                                                                                       ;
+-------+-----------------------+-----------------------+-----------------------+-------------+--------------+------------+------------+
; Slack ; From Node             ; To Node               ; Launch Clock          ; Latch Clock ; Relationship ; Clock Skew ; Data Delay ;
+-------+-----------------------+-----------------------+-----------------------+-------------+--------------+------------+------------+
; 1.052 ; Counter:done|count[0] ; Counter:done|count[3] ; Counter:done|count[0] ; clk         ; 0.000        ; 3.819      ; 5.468      ;
; 1.052 ; Counter:done|count[0] ; Counter:done|count[0] ; Counter:done|count[0] ; clk         ; 0.000        ; 3.819      ; 5.468      ;
; 1.052 ; Counter:done|count[0] ; Counter:done|count[1] ; Counter:done|count[0] ; clk         ; 0.000        ; 3.819      ; 5.468      ;
; 1.052 ; Counter:done|count[0] ; Counter:done|count[2] ; Counter:done|count[0] ; clk         ; 0.000        ; 3.819      ; 5.468      ;
; 1.552 ; Counter:done|count[0] ; Counter:done|count[3] ; Counter:done|count[0] ; clk         ; -0.500       ; 3.819      ; 5.468      ;
; 1.552 ; Counter:done|count[0] ; Counter:done|count[0] ; Counter:done|count[0] ; clk         ; -0.500       ; 3.819      ; 5.468      ;
; 1.552 ; Counter:done|count[0] ; Counter:done|count[1] ; Counter:done|count[0] ; clk         ; -0.500       ; 3.819      ; 5.468      ;
; 1.552 ; Counter:done|count[0] ; Counter:done|count[2] ; Counter:done|count[0] ; clk         ; -0.500       ; 3.819      ; 5.468      ;
; 5.578 ; Counter:done|count[3] ; Counter:done|count[3] ; clk                   ; clk         ; 0.000        ; 0.000      ; 5.799      ;
; 5.578 ; Counter:done|count[3] ; Counter:done|count[0] ; clk                   ; clk         ; 0.000        ; 0.000      ; 5.799      ;
; 5.578 ; Counter:done|count[3] ; Counter:done|count[1] ; clk                   ; clk         ; 0.000        ; 0.000      ; 5.799      ;
; 5.578 ; Counter:done|count[3] ; Counter:done|count[2] ; clk                   ; clk         ; 0.000        ; 0.000      ; 5.799      ;
; 5.799 ; Counter:done|count[1] ; Counter:done|count[3] ; clk                   ; clk         ; 0.000        ; 0.000      ; 6.020      ;
; 5.799 ; Counter:done|count[1] ; Counter:done|count[0] ; clk                   ; clk         ; 0.000        ; 0.000      ; 6.020      ;
; 5.799 ; Counter:done|count[1] ; Counter:done|count[1] ; clk                   ; clk         ; 0.000        ; 0.000      ; 6.020      ;
; 5.799 ; Counter:done|count[1] ; Counter:done|count[2] ; clk                   ; clk         ; 0.000        ; 0.000      ; 6.020      ;
; 5.924 ; Counter:done|count[2] ; Counter:done|count[3] ; clk                   ; clk         ; 0.000        ; 0.000      ; 6.145      ;
; 5.924 ; Counter:done|count[2] ; Counter:done|count[0] ; clk                   ; clk         ; 0.000        ; 0.000      ; 6.145      ;
; 5.924 ; Counter:done|count[2] ; Counter:done|count[1] ; clk                   ; clk         ; 0.000        ; 0.000      ; 6.145      ;
; 5.924 ; Counter:done|count[2] ; Counter:done|count[2] ; clk                   ; clk         ; 0.000        ; 0.000      ; 6.145      ;
; 6.014 ; ien                   ; Counter:done|count[3] ; present.Stop          ; clk         ; 0.000        ; -3.102     ; 3.133      ;
; 6.014 ; ien                   ; Counter:done|count[0] ; present.Stop          ; clk         ; 0.000        ; -3.102     ; 3.133      ;
; 6.014 ; ien                   ; Counter:done|count[1] ; present.Stop          ; clk         ; 0.000        ; -3.102     ; 3.133      ;
; 6.014 ; ien                   ; Counter:done|count[2] ; present.Stop          ; clk         ; 0.000        ; -3.102     ; 3.133      ;
+-------+-----------------------+-----------------------+-----------------------+-------------+--------------+------------+------------+


+-------------------------------------------------------------------------------------------+
; Setup Transfers                                                                           ;
+-----------------------+-----------------------+----------+----------+----------+----------+
; From Clock            ; To Clock              ; RR Paths ; FR Paths ; RF Paths ; FF Paths ;
+-----------------------+-----------------------+----------+----------+----------+----------+
; clk                   ; clk                   ; 6        ; 0        ; 0        ; 0        ;
; Counter:done|count[0] ; clk                   ; 4        ; 7        ; 0        ; 0        ;
; clk                   ; Counter:done|count[0] ; 0        ; 0        ; 2        ; 0        ;
; present.Stop          ; Counter:done|count[0] ; 0        ; 0        ; 2        ; 2        ;
; clk                   ; present.Stop          ; 11       ; 0        ; 0        ; 0        ;
; present.Stop          ; present.Stop          ; 9        ; 0        ; 0        ; 0        ;
+-----------------------+-----------------------+----------+----------+----------+----------+
Entries labeled "false path" only account for clock-to-clock false paths and not path-based false paths. As a result, actual path counts may be lower than reported.


+-------------------------------------------------------------------------------------------+
; Hold Transfers                                                                            ;
+-----------------------+-----------------------+----------+----------+----------+----------+
; From Clock            ; To Clock              ; RR Paths ; FR Paths ; RF Paths ; FF Paths ;
+-----------------------+-----------------------+----------+----------+----------+----------+
; clk                   ; clk                   ; 6        ; 0        ; 0        ; 0        ;
; Counter:done|count[0] ; clk                   ; 4        ; 7        ; 0        ; 0        ;
; clk                   ; Counter:done|count[0] ; 0        ; 0        ; 2        ; 0        ;
; present.Stop          ; Counter:done|count[0] ; 0        ; 0        ; 2        ; 2        ;
; clk                   ; present.Stop          ; 11       ; 0        ; 0        ; 0        ;
; present.Stop          ; present.Stop          ; 9        ; 0        ; 0        ; 0        ;
+-----------------------+-----------------------+----------+----------+----------+----------+
Entries labeled "false path" only account for clock-to-clock false paths and not path-based false paths. As a result, actual path counts may be lower than reported.


+------------------------------------------------------------------------------+
; Recovery Transfers                                                           ;
+-----------------------+----------+----------+----------+----------+----------+
; From Clock            ; To Clock ; RR Paths ; FR Paths ; RF Paths ; FF Paths ;
+-----------------------+----------+----------+----------+----------+----------+
; clk                   ; clk      ; 12       ; 0        ; 0        ; 0        ;
; Counter:done|count[0] ; clk      ; 4        ; 4        ; 0        ; 0        ;
; present.Stop          ; clk      ; 4        ; 0        ; 0        ; 0        ;
+-----------------------+----------+----------+----------+----------+----------+
Entries labeled "false path" only account for clock-to-clock false paths and not path-based false paths. As a result, actual path counts may be lower than reported.


+------------------------------------------------------------------------------+
; Removal Transfers                                                            ;
+-----------------------+----------+----------+----------+----------+----------+
; From Clock            ; To Clock ; RR Paths ; FR Paths ; RF Paths ; FF Paths ;
+-----------------------+----------+----------+----------+----------+----------+
; clk                   ; clk      ; 12       ; 0        ; 0        ; 0        ;
; Counter:done|count[0] ; clk      ; 4        ; 4        ; 0        ; 0        ;
; present.Stop          ; clk      ; 4        ; 0        ; 0        ; 0        ;
+-----------------------+----------+----------+----------+----------+----------+
Entries labeled "false path" only account for clock-to-clock false paths and not path-based false paths. As a result, actual path counts may be lower than reported.


---------------
; Report TCCS ;
---------------
No dedicated SERDES Transmitter circuitry present in device or used in design


---------------
; Report RSKM ;
---------------
No non-DPA dedicated SERDES Receiver circuitry present in device or used in design


+------------------------------------------------+
; Unconstrained Paths Summary                    ;
+---------------------------------+-------+------+
; Property                        ; Setup ; Hold ;
+---------------------------------+-------+------+
; Illegal Clocks                  ; 0     ; 0    ;
; Unconstrained Clocks            ; 0     ; 0    ;
; Unconstrained Input Ports       ; 10    ; 10   ;
; Unconstrained Input Port Paths  ; 11    ; 11   ;
; Unconstrained Output Ports      ; 2     ; 2    ;
; Unconstrained Output Port Paths ; 2     ; 2    ;
+---------------------------------+-------+------+


+--------------------------------------------------------------------+
; Clock Status Summary                                               ;
+-----------------------+-----------------------+------+-------------+
; Target                ; Clock                 ; Type ; Status      ;
+-----------------------+-----------------------+------+-------------+
; Counter:done|count[0] ; Counter:done|count[0] ; Base ; Constrained ;
; clk                   ; clk                   ; Base ; Constrained ;
; present.Stop          ; present.Stop          ; Base ; Constrained ;
+-----------------------+-----------------------+------+-------------+


+---------------------------------------------------------------------------------------------------+
; Unconstrained Input Ports                                                                         ;
+------------+--------------------------------------------------------------------------------------+
; Input Port ; Comment                                                                              ;
+------------+--------------------------------------------------------------------------------------+
; clk        ; No input delay, min/max delays, false-path exceptions, or max skew assignments found ;
; data_in[0] ; No input delay, min/max delays, false-path exceptions, or max skew assignments found ;
; data_in[1] ; No input delay, min/max delays, false-path exceptions, or max skew assignments found ;
; data_in[2] ; No input delay, min/max delays, false-path exceptions, or max skew assignments found ;
; data_in[3] ; No input delay, min/max delays, false-path exceptions, or max skew assignments found ;
; data_in[4] ; No input delay, min/max delays, false-path exceptions, or max skew assignments found ;
; data_in[5] ; No input delay, min/max delays, false-path exceptions, or max skew assignments found ;
; data_in[6] ; No input delay, min/max delays, false-path exceptions, or max skew assignments found ;
; data_in[7] ; No input delay, min/max delays, false-path exceptions, or max skew assignments found ;
; send       ; No input delay, min/max delays, false-path exceptions, or max skew assignments found ;
+------------+--------------------------------------------------------------------------------------+


+-----------------------------------------------------------------------------------------------------+
; Unconstrained Output Ports                                                                          ;
+-------------+---------------------------------------------------------------------------------------+
; Output Port ; Comment                                                                               ;
+-------------+---------------------------------------------------------------------------------------+
; Tx          ; No output delay, min/max delays, false-path exceptions, or max skew assignments found ;
; clock_show  ; No output delay, min/max delays, false-path exceptions, or max skew assignments found ;
+-------------+---------------------------------------------------------------------------------------+


+---------------------------------------------------------------------------------------------------+
; Unconstrained Input Ports                                                                         ;
+------------+--------------------------------------------------------------------------------------+
; Input Port ; Comment                                                                              ;
+------------+--------------------------------------------------------------------------------------+
; clk        ; No input delay, min/max delays, false-path exceptions, or max skew assignments found ;
; data_in[0] ; No input delay, min/max delays, false-path exceptions, or max skew assignments found ;
; data_in[1] ; No input delay, min/max delays, false-path exceptions, or max skew assignments found ;
; data_in[2] ; No input delay, min/max delays, false-path exceptions, or max skew assignments found ;
; data_in[3] ; No input delay, min/max delays, false-path exceptions, or max skew assignments found ;
; data_in[4] ; No input delay, min/max delays, false-path exceptions, or max skew assignments found ;
; data_in[5] ; No input delay, min/max delays, false-path exceptions, or max skew assignments found ;
; data_in[6] ; No input delay, min/max delays, false-path exceptions, or max skew assignments found ;
; data_in[7] ; No input delay, min/max delays, false-path exceptions, or max skew assignments found ;
; send       ; No input delay, min/max delays, false-path exceptions, or max skew assignments found ;
+------------+--------------------------------------------------------------------------------------+


+-----------------------------------------------------------------------------------------------------+
; Unconstrained Output Ports                                                                          ;
+-------------+---------------------------------------------------------------------------------------+
; Output Port ; Comment                                                                               ;
+-------------+---------------------------------------------------------------------------------------+
; Tx          ; No output delay, min/max delays, false-path exceptions, or max skew assignments found ;
; clock_show  ; No output delay, min/max delays, false-path exceptions, or max skew assignments found ;
+-------------+---------------------------------------------------------------------------------------+


+--------------------------+
; Timing Analyzer Messages ;
+--------------------------+
Info: *******************************************************************
Info: Running Quartus Prime Timing Analyzer
    Info: Version 18.1.0 Build 625 09/12/2018 SJ Lite Edition
    Info: Processing started: Fri Jan 10 19:17:56 2020
Info: Command: quartus_sta Tx -c Tx
Info: qsta_default_script.tcl version: #1
Warning (18236): Number of processors has not been specified which may cause overloading on shared machines.  Set the global assignment NUM_PARALLEL_PROCESSORS in your QSF to an appropriate value for best performance.
Info (20030): Parallel compilation is enabled and will use 4 of the 4 processors detected
Info (21077): Low junction temperature is 0 degrees C
Info (21077): High junction temperature is 85 degrees C
Info (334003): Started post-fitting delay annotation
Info (334004): Delay annotation completed successfully
Warning (335093): The Timing Analyzer is analyzing 15 combinational loops as latches. For more details, run the Check Timing command in the Timing Analyzer or view the "User-Specified and Inferred Latches" table in the Analysis & Synthesis report.
Critical Warning (332012): Synopsys Design Constraints File file not found: 'Tx.sdc'. A Synopsys Design Constraints File is required by the Timing Analyzer to get proper timing constraints. Without it, the Compiler will not properly optimize the design.
Info (332142): No user constrained base clocks found in the design. Calling "derive_clocks -period 1.0"
Info (332105): Deriving Clocks
    Info (332105): create_clock -period 1.000 -name present.Stop present.Stop
    Info (332105): create_clock -period 1.000 -name clk clk
    Info (332105): create_clock -period 1.000 -name Counter:done|count[0] Counter:done|count[0]
Info: Found TIMING_ANALYZER_REPORT_SCRIPT_INCLUDE_DEFAULT_ANALYSIS = ON
Info: Can't run Report Timing Closure Recommendations. The current device family is not supported.
Critical Warning (332148): Timing requirements not met
Info (332146): Worst-case setup slack is -4.865
    Info (332119):     Slack       End Point TNS Clock 
    Info (332119): ========= =================== =====================
    Info (332119):    -4.865             -31.676 present.Stop 
    Info (332119):    -4.235             -16.931 clk 
    Info (332119):    -1.073              -1.128 Counter:done|count[0] 
Info (332146): Worst-case hold slack is -4.699
    Info (332119):     Slack       End Point TNS Clock 
    Info (332119): ========= =================== =====================
    Info (332119):    -4.699             -10.022 Counter:done|count[0] 
    Info (332119):    -2.014              -5.238 clk 
    Info (332119):    -1.630              -5.937 present.Stop 
Info (332146): Worst-case recovery slack is -5.568
    Info (332119):     Slack       End Point TNS Clock 
    Info (332119): ========= =================== =====================
    Info (332119):    -5.568             -22.272 clk 
Info (332146): Worst-case removal slack is 1.052
    Info (332119):     Slack       End Point TNS Clock 
    Info (332119): ========= =================== =====================
    Info (332119):     1.052               0.000 clk 
Info (332146): Worst-case minimum pulse width slack is -2.289
    Info (332119):     Slack       End Point TNS Clock 
    Info (332119): ========= =================== =====================
    Info (332119):    -2.289              -2.289 clk 
    Info (332119):     0.500               0.000 Counter:done|count[0] 
    Info (332119):     0.500               0.000 present.Stop 
Info (332001): The selected device family is not supported by the report_metastability command.
Info (332102): Design is not fully constrained for setup requirements
Info (332102): Design is not fully constrained for hold requirements
Info: Quartus Prime Timing Analyzer was successful. 0 errors, 4 warnings
    Info: Peak virtual memory: 737 megabytes
    Info: Processing ended: Fri Jan 10 19:17:56 2020
    Info: Elapsed time: 00:00:00
    Info: Total CPU time (on all processors): 00:00:01


